INFO 2025-04-12 05:36:24,547 autoreload Watching for file changes with StatReloader
INFO 2025-04-12 05:36:42,139 autoreload Watching for file changes with StatReloader
INFO 2025-04-12 05:36:43,890 basehttp "GET /api/ping/ HTTP/1.1" 200 15
INFO 2025-04-12 05:36:44,565 basehttp "POST /api/sessions/create_session/ HTTP/1.1" 200 246
INFO 2025-04-12 05:36:44,602 basehttp "GET /api/sessions/ HTTP/1.1" 200 1320
INFO 2025-04-12 05:36:48,603 basehttp "GET /api/sessions/ HTTP/1.1" 200 1320
INFO 2025-04-12 05:36:48,614 basehttp "POST /api/sessions/55cfe6aa-36a9-4c19-99ba-ef1847fbc1de/switch_philosopher/ HTTP/1.1" 200 397
INFO 2025-04-12 05:36:48,638 basehttp "GET /api/sessions/ HTTP/1.1" 200 1471
INFO 2025-04-12 05:36:53,483 basehttp "GET /api/sessions/ HTTP/1.1" 200 1471
ERROR 2025-04-12 05:36:53,574 views Error generating response: No secrets found. Valid paths for a secrets.toml file or secret directories are: /Users/dhairyabhatt/.streamlit/secrets.toml, /Users/dhairyabhatt/code_dir/philosophy_ai-main/.streamlit/secrets.toml
ERROR 2025-04-12 05:36:53,574 log Internal Server Error: /api/sessions/55cfe6aa-36a9-4c19-99ba-ef1847fbc1de/add_message/
ERROR 2025-04-12 05:36:53,574 basehttp "POST /api/sessions/55cfe6aa-36a9-4c19-99ba-ef1847fbc1de/add_message/ HTTP/1.1" 500 446
INFO 2025-04-12 05:37:01,890 basehttp "GET /api/sessions/ HTTP/1.1" 200 1595
INFO 2025-04-12 05:37:01,906 basehttp "POST /api/sessions/55cfe6aa-36a9-4c19-99ba-ef1847fbc1de/switch_philosopher/ HTTP/1.1" 200 697
INFO 2025-04-12 05:37:01,929 basehttp "GET /api/sessions/ HTTP/1.1" 200 1771
INFO 2025-04-12 05:37:05,749 basehttp "GET /api/sessions/ HTTP/1.1" 200 1771
ERROR 2025-04-12 05:37:05,758 views Error generating response: No secrets found. Valid paths for a secrets.toml file or secret directories are: /Users/dhairyabhatt/.streamlit/secrets.toml, /Users/dhairyabhatt/code_dir/philosophy_ai-main/.streamlit/secrets.toml
ERROR 2025-04-12 05:37:05,758 log Internal Server Error: /api/sessions/55cfe6aa-36a9-4c19-99ba-ef1847fbc1de/add_message/
ERROR 2025-04-12 05:37:05,758 basehttp "POST /api/sessions/55cfe6aa-36a9-4c19-99ba-ef1847fbc1de/add_message/ HTTP/1.1" 500 446
INFO 2025-04-12 05:38:17,816 autoreload /Users/dhairyabhatt/code_dir/philosophy_ai-main/philosophy_api/views.py changed, reloading.
INFO 2025-04-12 05:38:18,539 autoreload Watching for file changes with StatReloader
INFO 2025-04-12 05:39:31,601 autoreload Watching for file changes with StatReloader
INFO 2025-04-12 05:39:33,282 basehttp "GET /api/ping/ HTTP/1.1" 200 15
INFO 2025-04-12 05:39:34,100 basehttp "POST /api/sessions/create_session/ HTTP/1.1" 200 246
INFO 2025-04-12 05:39:34,146 basehttp "GET /api/sessions/ HTTP/1.1" 200 2142
INFO 2025-04-12 05:39:37,230 basehttp "GET /api/sessions/ HTTP/1.1" 200 2142
INFO 2025-04-12 05:39:38,100 basehttp "POST /api/sessions/19759ab0-e548-4e2b-aa5d-13f8fba5a1c9/add_message/ HTTP/1.1" 200 337
INFO 2025-04-12 05:39:40,915 basehttp "GET /api/sessions/ HTTP/1.1" 200 2663
INFO 2025-04-12 05:39:40,927 basehttp "POST /api/sessions/19759ab0-e548-4e2b-aa5d-13f8fba5a1c9/switch_philosopher/ HTTP/1.1" 200 919
INFO 2025-04-12 05:39:40,951 basehttp "GET /api/sessions/ HTTP/1.1" 200 2815
INFO 2025-04-12 05:39:49,430 basehttp "GET /api/sessions/ HTTP/1.1" 200 2815
INFO 2025-04-12 05:39:50,346 basehttp "POST /api/sessions/19759ab0-e548-4e2b-aa5d-13f8fba5a1c9/add_message/ HTTP/1.1" 200 543
INFO 2025-04-12 05:40:42,764 basehttp "GET /api/sessions/ HTTP/1.1" 200 3565
INFO 2025-04-12 05:40:43,876 basehttp "POST /api/sessions/19759ab0-e548-4e2b-aa5d-13f8fba5a1c9/add_message/ HTTP/1.1" 200 1167
INFO 2025-04-12 05:42:12,788 basehttp "GET /api/sessions/ HTTP/1.1" 200 4947
INFO 2025-04-12 05:42:12,799 basehttp "POST /api/sessions/19759ab0-e548-4e2b-aa5d-13f8fba5a1c9/switch_philosopher/ HTTP/1.1" 200 3225
INFO 2025-04-12 05:42:12,831 basehttp "GET /api/sessions/ HTTP/1.1" 200 5121
INFO 2025-04-12 05:42:22,332 basehttp "GET /api/sessions/ HTTP/1.1" 200 5121
INFO 2025-04-12 05:42:23,707 basehttp "POST /api/sessions/19759ab0-e548-4e2b-aa5d-13f8fba5a1c9/add_message/ HTTP/1.1" 200 1374
INFO 2025-04-12 06:26:21,488 autoreload Watching for file changes with StatReloader
INFO 2025-04-12 06:26:23,856 basehttp "GET /api/ping/ HTTP/1.1" 200 15
INFO 2025-04-12 06:30:28,381 autoreload Watching for file changes with StatReloader
INFO 2025-04-12 06:30:30,127 basehttp "GET /api/ping/ HTTP/1.1" 200 15
INFO 2025-04-13 14:47:33,956 autoreload Watching for file changes with StatReloader
INFO 2025-04-13 14:47:35,709 basehttp "GET /api/ping/ HTTP/1.1" 200 15
INFO 2025-04-13 14:51:51,502 autoreload /Users/dhairyabhatt/code_dir/philosophy_ai-main/philosophy_project/settings.py changed, reloading.
INFO 2025-04-13 14:51:51,860 autoreload Watching for file changes with StatReloader
INFO 2025-04-13 14:52:08,159 autoreload /Users/dhairyabhatt/code_dir/philosophy_ai-main/philosophy_api/views.py changed, reloading.
INFO 2025-04-13 14:52:08,519 autoreload Watching for file changes with StatReloader
INFO 2025-04-13 14:52:45,421 autoreload /Users/dhairyabhatt/code_dir/philosophy_ai-main/philosophy_api/urls.py changed, reloading.
INFO 2025-04-13 14:52:45,764 autoreload Watching for file changes with StatReloader
WARNING 2025-04-13 14:53:46,604 log Bad Request: /api/auth/register/
WARNING 2025-04-13 14:53:46,604 basehttp "POST /api/auth/register/ HTTP/1.1" 400 192
INFO 2025-04-13 14:57:19,310 autoreload /Users/dhairyabhatt/code_dir/philosophy_ai-main/philosophy_api/serializers.py changed, reloading.
INFO 2025-04-13 14:57:19,788 autoreload Watching for file changes with StatReloader
WARNING 2025-04-13 14:57:25,788 log Bad Request: /api/auth/register/
WARNING 2025-04-13 14:57:25,788 basehttp "POST /api/auth/register/ HTTP/1.1" 400 192
WARNING 2025-04-13 14:57:52,324 log Bad Request: /api/auth/login/
WARNING 2025-04-13 14:57:52,325 basehttp "POST /api/auth/login/ HTTP/1.1" 400 50
WARNING 2025-04-13 14:58:15,604 log Bad Request: /api/auth/register/
WARNING 2025-04-13 14:58:15,605 basehttp "POST /api/auth/register/ HTTP/1.1" 400 192
WARNING 2025-04-13 14:58:25,342 log Bad Request: /api/auth/register/
WARNING 2025-04-13 14:58:25,342 basehttp "POST /api/auth/register/ HTTP/1.1" 400 123
WARNING 2025-04-13 14:58:56,956 log Bad Request: /api/auth/register/
WARNING 2025-04-13 14:58:56,956 basehttp "POST /api/auth/register/ HTTP/1.1" 400 86
INFO 2025-04-13 14:59:33,869 basehttp "POST /api/auth/register/ HTTP/1.1" 201 579
INFO 2025-04-13 14:59:35,444 basehttp "GET /api/philosophers/ HTTP/1.1" 200 248
WARNING 2025-04-13 14:59:35,447 log Forbidden: /api/sessions/
WARNING 2025-04-13 14:59:35,447 basehttp "GET /api/sessions/ HTTP/1.1" 403 58
INFO 2025-04-13 14:59:46,959 basehttp "GET /api/philosophers/ HTTP/1.1" 200 248
WARNING 2025-04-13 14:59:46,965 log Forbidden: /api/sessions/create_session/
WARNING 2025-04-13 14:59:46,966 basehttp "POST /api/sessions/create_session/ HTTP/1.1" 403 58
WARNING 2025-04-13 14:59:46,970 log Forbidden: /api/sessions/
WARNING 2025-04-13 14:59:46,970 basehttp "GET /api/sessions/ HTTP/1.1" 403 58
INFO 2025-04-13 15:00:10,835 basehttp "GET /api/philosophers/ HTTP/1.1" 200 248
WARNING 2025-04-13 15:00:10,841 log Forbidden: /api/sessions/
WARNING 2025-04-13 15:00:10,841 basehttp "GET /api/sessions/ HTTP/1.1" 403 58
INFO 2025-04-13 15:00:12,126 basehttp "GET /api/philosophers/ HTTP/1.1" 200 248
WARNING 2025-04-13 15:00:12,131 log Forbidden: /api/sessions/create_session/
WARNING 2025-04-13 15:00:12,131 basehttp "POST /api/sessions/create_session/ HTTP/1.1" 403 58
WARNING 2025-04-13 15:00:12,136 log Forbidden: /api/sessions/
WARNING 2025-04-13 15:00:12,137 basehttp "GET /api/sessions/ HTTP/1.1" 403 58
INFO 2025-04-13 15:00:52,995 basehttp "GET /api/philosophers/ HTTP/1.1" 200 248
WARNING 2025-04-13 15:00:53,000 log Forbidden: /api/sessions/create_session/
WARNING 2025-04-13 15:00:53,000 basehttp "POST /api/sessions/create_session/ HTTP/1.1" 403 58
WARNING 2025-04-13 15:00:53,005 log Forbidden: /api/sessions/
WARNING 2025-04-13 15:00:53,006 basehttp "GET /api/sessions/ HTTP/1.1" 403 58
INFO 2025-04-13 15:00:53,378 basehttp "GET /api/philosophers/ HTTP/1.1" 200 248
WARNING 2025-04-13 15:00:53,380 log Forbidden: /api/sessions/create_session/
WARNING 2025-04-13 15:00:53,380 basehttp "POST /api/sessions/create_session/ HTTP/1.1" 403 58
WARNING 2025-04-13 15:00:53,382 log Forbidden: /api/sessions/
WARNING 2025-04-13 15:00:53,382 basehttp "GET /api/sessions/ HTTP/1.1" 403 58
INFO 2025-04-13 15:00:53,547 basehttp "GET /api/philosophers/ HTTP/1.1" 200 248
WARNING 2025-04-13 15:00:53,551 log Forbidden: /api/sessions/create_session/
WARNING 2025-04-13 15:00:53,551 basehttp "POST /api/sessions/create_session/ HTTP/1.1" 403 58
WARNING 2025-04-13 15:00:53,554 log Forbidden: /api/sessions/
WARNING 2025-04-13 15:00:53,555 basehttp "GET /api/sessions/ HTTP/1.1" 403 58
INFO 2025-04-13 15:46:13,792 autoreload /Users/dhairyabhatt/code_dir/philosophy_ai-main/philosophy_api/views.py changed, reloading.
INFO 2025-04-13 15:46:14,208 autoreload Watching for file changes with StatReloader
INFO 2025-04-15 04:08:16,225 autoreload Watching for file changes with StatReloader
INFO 2025-04-15 04:08:16,974 basehttp "GET /api/ping/ HTTP/1.1" 200 15
WARNING 2025-04-15 04:08:50,913 log Bad Request: /api/auth/register/
WARNING 2025-04-15 04:08:50,913 basehttp "POST /api/auth/register/ HTTP/1.1" 400 114
WARNING 2025-04-15 04:08:59,168 log Bad Request: /api/auth/register/
WARNING 2025-04-15 04:08:59,168 basehttp "POST /api/auth/register/ HTTP/1.1" 400 45
INFO 2025-04-15 04:09:18,841 basehttp "POST /api/auth/register/ HTTP/1.1" 201 575
INFO 2025-04-15 04:09:19,469 basehttp "GET /api/philosophers/ HTTP/1.1" 200 248
WARNING 2025-04-15 04:09:19,471 log Forbidden: /api/sessions/
WARNING 2025-04-15 04:09:19,471 basehttp "GET /api/sessions/ HTTP/1.1" 403 58
INFO 2025-04-15 04:09:23,613 basehttp "GET /api/philosophers/ HTTP/1.1" 200 248
WARNING 2025-04-15 04:09:23,618 log Forbidden: /api/sessions/create_session/
WARNING 2025-04-15 04:09:23,619 basehttp "POST /api/sessions/create_session/ HTTP/1.1" 403 58
WARNING 2025-04-15 04:09:23,623 log Forbidden: /api/sessions/
WARNING 2025-04-15 04:09:23,624 basehttp "GET /api/sessions/ HTTP/1.1" 403 58
INFO 2025-04-15 04:09:25,019 basehttp "GET /api/philosophers/ HTTP/1.1" 200 248
WARNING 2025-04-15 04:09:25,025 log Forbidden: /api/sessions/create_session/
WARNING 2025-04-15 04:09:25,026 basehttp "POST /api/sessions/create_session/ HTTP/1.1" 403 58
WARNING 2025-04-15 04:09:25,030 log Forbidden: /api/sessions/
WARNING 2025-04-15 04:09:25,031 basehttp "GET /api/sessions/ HTTP/1.1" 403 58
INFO 2025-04-15 04:09:44,830 basehttp "GET /api/philosophers/ HTTP/1.1" 200 248
WARNING 2025-04-15 04:09:44,832 log Forbidden: /api/sessions/
WARNING 2025-04-15 04:09:44,833 basehttp "GET /api/sessions/ HTTP/1.1" 403 58
INFO 2025-04-15 04:09:45,794 basehttp "GET /api/philosophers/ HTTP/1.1" 200 248
WARNING 2025-04-15 04:09:45,798 log Forbidden: /api/sessions/create_session/
WARNING 2025-04-15 04:09:45,798 basehttp "POST /api/sessions/create_session/ HTTP/1.1" 403 58
WARNING 2025-04-15 04:09:45,801 log Forbidden: /api/sessions/
WARNING 2025-04-15 04:09:45,802 basehttp "GET /api/sessions/ HTTP/1.1" 403 58
INFO 2025-04-15 04:09:46,199 basehttp "GET /api/philosophers/ HTTP/1.1" 200 248
WARNING 2025-04-15 04:09:46,204 log Forbidden: /api/sessions/create_session/
WARNING 2025-04-15 04:09:46,206 basehttp "POST /api/sessions/create_session/ HTTP/1.1" 403 58
WARNING 2025-04-15 04:09:46,211 log Forbidden: /api/sessions/
WARNING 2025-04-15 04:09:46,212 basehttp "GET /api/sessions/ HTTP/1.1" 403 58
INFO 2025-04-15 04:09:46,353 basehttp "GET /api/philosophers/ HTTP/1.1" 200 248
WARNING 2025-04-15 04:09:46,357 log Forbidden: /api/sessions/create_session/
WARNING 2025-04-15 04:09:46,357 basehttp "POST /api/sessions/create_session/ HTTP/1.1" 403 58
WARNING 2025-04-15 04:09:46,361 log Forbidden: /api/sessions/
WARNING 2025-04-15 04:09:46,361 basehttp "GET /api/sessions/ HTTP/1.1" 403 58
INFO 2025-04-15 04:09:46,520 basehttp "GET /api/philosophers/ HTTP/1.1" 200 248
WARNING 2025-04-15 04:09:46,523 log Forbidden: /api/sessions/create_session/
WARNING 2025-04-15 04:09:46,524 basehttp "POST /api/sessions/create_session/ HTTP/1.1" 403 58
WARNING 2025-04-15 04:09:46,527 log Forbidden: /api/sessions/
WARNING 2025-04-15 04:09:46,527 basehttp "GET /api/sessions/ HTTP/1.1" 403 58
INFO 2025-04-15 04:09:46,669 basehttp "GET /api/philosophers/ HTTP/1.1" 200 248
WARNING 2025-04-15 04:09:46,672 log Forbidden: /api/sessions/create_session/
WARNING 2025-04-15 04:09:46,672 basehttp "POST /api/sessions/create_session/ HTTP/1.1" 403 58
WARNING 2025-04-15 04:09:46,675 log Forbidden: /api/sessions/
WARNING 2025-04-15 04:09:46,675 basehttp "GET /api/sessions/ HTTP/1.1" 403 58
INFO 2025-04-15 04:11:05,333 autoreload /Users/dhairyabhatt/code_dir/philosophy_ai-main/philosophy_api/views.py changed, reloading.
INFO 2025-04-15 04:11:05,615 autoreload Watching for file changes with StatReloader
INFO 2025-04-15 04:12:12,405 basehttp "GET /api/philosophers/ HTTP/1.1" 200 248
WARNING 2025-04-15 04:12:12,409 log Forbidden: /api/sessions/create_session/
WARNING 2025-04-15 04:12:12,409 basehttp "POST /api/sessions/create_session/ HTTP/1.1" 403 58
INFO 2025-04-15 04:12:25,270 basehttp "POST /api/auth/login/ HTTP/1.1" 200 575
INFO 2025-04-15 04:12:25,294 basehttp "GET /api/philosophers/ HTTP/1.1" 200 248
WARNING 2025-04-15 04:12:25,296 log Forbidden: /api/sessions/
WARNING 2025-04-15 04:12:25,296 basehttp "GET /api/sessions/ HTTP/1.1" 403 58
INFO 2025-04-15 04:12:28,053 basehttp "GET /api/philosophers/ HTTP/1.1" 200 248
WARNING 2025-04-15 04:12:28,057 log Forbidden: /api/sessions/create_session/
WARNING 2025-04-15 04:12:28,057 basehttp "POST /api/sessions/create_session/ HTTP/1.1" 403 58
INFO 2025-04-15 04:12:29,015 basehttp "GET /api/philosophers/ HTTP/1.1" 200 248
WARNING 2025-04-15 04:12:29,017 log Forbidden: /api/sessions/create_session/
WARNING 2025-04-15 04:12:29,017 basehttp "POST /api/sessions/create_session/ HTTP/1.1" 403 58
INFO 2025-04-15 04:12:29,202 basehttp "GET /api/philosophers/ HTTP/1.1" 200 248
WARNING 2025-04-15 04:12:29,206 log Forbidden: /api/sessions/create_session/
WARNING 2025-04-15 04:12:29,206 basehttp "POST /api/sessions/create_session/ HTTP/1.1" 403 58
INFO 2025-04-15 04:12:29,352 basehttp "GET /api/philosophers/ HTTP/1.1" 200 248
WARNING 2025-04-15 04:12:29,354 log Forbidden: /api/sessions/create_session/
WARNING 2025-04-15 04:12:29,355 basehttp "POST /api/sessions/create_session/ HTTP/1.1" 403 58
INFO 2025-04-15 04:13:20,649 autoreload /Users/dhairyabhatt/code_dir/philosophy_ai-main/philosophy_api/views.py changed, reloading.
INFO 2025-04-15 04:13:20,891 autoreload Watching for file changes with StatReloader
INFO 2025-04-15 04:13:46,475 autoreload /Users/dhairyabhatt/code_dir/philosophy_ai-main/philosophy_project/settings.py changed, reloading.
INFO 2025-04-15 04:13:46,677 autoreload Watching for file changes with StatReloader
INFO 2025-04-15 04:13:50,204 basehttp "GET /api/philosophers/ HTTP/1.1" 200 248
WARNING 2025-04-15 04:13:50,208 log Forbidden: /api/sessions/create_session/
WARNING 2025-04-15 04:13:50,208 basehttp "POST /api/sessions/create_session/ HTTP/1.1" 403 58
INFO 2025-04-15 04:13:51,228 basehttp "GET /api/philosophers/ HTTP/1.1" 200 248
WARNING 2025-04-15 04:13:51,233 log Forbidden: /api/sessions/create_session/
WARNING 2025-04-15 04:13:51,233 basehttp "POST /api/sessions/create_session/ HTTP/1.1" 403 58
INFO 2025-04-15 04:13:51,401 basehttp "GET /api/philosophers/ HTTP/1.1" 200 248
WARNING 2025-04-15 04:13:51,405 log Forbidden: /api/sessions/create_session/
WARNING 2025-04-15 04:13:51,405 basehttp "POST /api/sessions/create_session/ HTTP/1.1" 403 58
INFO 2025-04-15 04:13:51,589 basehttp "GET /api/philosophers/ HTTP/1.1" 200 248
WARNING 2025-04-15 04:13:51,594 log Forbidden: /api/sessions/create_session/
WARNING 2025-04-15 04:13:51,594 basehttp "POST /api/sessions/create_session/ HTTP/1.1" 403 58
INFO 2025-04-15 04:13:51,747 basehttp "GET /api/philosophers/ HTTP/1.1" 200 248
WARNING 2025-04-15 04:13:51,750 log Forbidden: /api/sessions/create_session/
WARNING 2025-04-15 04:13:51,750 basehttp "POST /api/sessions/create_session/ HTTP/1.1" 403 58
INFO 2025-04-15 04:14:03,779 basehttp "POST /api/auth/login/ HTTP/1.1" 200 575
INFO 2025-04-15 04:14:03,805 basehttp "GET /api/philosophers/ HTTP/1.1" 200 248
WARNING 2025-04-15 04:14:03,807 log Forbidden: /api/sessions/
WARNING 2025-04-15 04:14:03,807 basehttp "GET /api/sessions/ HTTP/1.1" 403 58
INFO 2025-04-15 04:14:07,238 basehttp "GET /api/philosophers/ HTTP/1.1" 200 248
WARNING 2025-04-15 04:14:07,245 log Forbidden: /api/sessions/create_session/
WARNING 2025-04-15 04:14:07,245 basehttp "POST /api/sessions/create_session/ HTTP/1.1" 403 58
INFO 2025-04-15 04:14:07,399 basehttp "GET /api/philosophers/ HTTP/1.1" 200 248
WARNING 2025-04-15 04:14:07,402 log Forbidden: /api/sessions/create_session/
WARNING 2025-04-15 04:14:07,402 basehttp "POST /api/sessions/create_session/ HTTP/1.1" 403 58
INFO 2025-04-15 04:14:07,564 basehttp "GET /api/philosophers/ HTTP/1.1" 200 248
WARNING 2025-04-15 04:14:07,567 log Forbidden: /api/sessions/create_session/
WARNING 2025-04-15 04:14:07,567 basehttp "POST /api/sessions/create_session/ HTTP/1.1" 403 58
INFO 2025-04-15 04:14:08,061 basehttp "GET /api/philosophers/ HTTP/1.1" 200 248
WARNING 2025-04-15 04:14:08,067 log Forbidden: /api/sessions/create_session/
WARNING 2025-04-15 04:14:08,068 basehttp "POST /api/sessions/create_session/ HTTP/1.1" 403 58
INFO 2025-04-15 04:14:09,579 basehttp "GET /api/philosophers/ HTTP/1.1" 200 248
WARNING 2025-04-15 04:14:09,584 log Forbidden: /api/sessions/
WARNING 2025-04-15 04:14:09,584 basehttp "GET /api/sessions/ HTTP/1.1" 403 58
INFO 2025-04-15 04:14:21,635 basehttp "GET /api HTTP/1.1" 301 0
INFO 2025-04-15 04:14:21,651 basehttp "GET /api/ HTTP/1.1" 200 10368
INFO 2025-04-15 04:14:21,664 basehttp "GET /static/rest_framework/js/ajax-form.js HTTP/1.1" 304 0
INFO 2025-04-15 04:14:21,665 basehttp "GET /static/rest_framework/css/bootstrap-tweaks.css HTTP/1.1" 304 0
INFO 2025-04-15 04:14:21,666 basehttp "GET /static/rest_framework/css/bootstrap.min.css HTTP/1.1" 304 0
INFO 2025-04-15 04:14:21,667 basehttp "GET /static/rest_framework/css/prettify.css HTTP/1.1" 304 0
INFO 2025-04-15 04:14:21,667 basehttp "GET /static/rest_framework/js/jquery-3.5.1.min.js HTTP/1.1" 304 0
INFO 2025-04-15 04:14:21,668 basehttp "GET /static/rest_framework/js/bootstrap.min.js HTTP/1.1" 304 0
INFO 2025-04-15 04:14:21,668 basehttp "GET /static/rest_framework/css/default.css HTTP/1.1" 304 0
INFO 2025-04-15 04:14:21,669 basehttp "GET /static/rest_framework/js/csrf.js HTTP/1.1" 304 0
INFO 2025-04-15 04:14:21,669 basehttp "GET /static/rest_framework/js/prettify-min.js HTTP/1.1" 304 0
INFO 2025-04-15 04:14:21,670 basehttp "GET /static/rest_framework/js/default.js HTTP/1.1" 304 0
INFO 2025-04-15 04:14:21,679 basehttp "GET /static/rest_framework/img/grid.png HTTP/1.1" 304 0
WARNING 2025-04-15 04:14:21,702 log Not Found: /favicon.ico
WARNING 2025-04-15 04:14:21,703 basehttp "GET /favicon.ico HTTP/1.1" 404 2226
INFO 2025-04-15 04:14:26,675 basehttp "OPTIONS /api/ HTTP/1.1" 200 10480
INFO 2025-04-15 04:14:35,360 basehttp "GET /api/ping/ HTTP/1.1" 200 15
INFO 2025-04-15 04:14:35,369 basehttp "GET /api/philosophers/ HTTP/1.1" 200 248
WARNING 2025-04-15 04:14:35,374 log Forbidden: /api/sessions/
WARNING 2025-04-15 04:14:35,375 basehttp "GET /api/sessions/ HTTP/1.1" 403 58
INFO 2025-04-15 04:14:52,617 autoreload Watching for file changes with StatReloader
INFO 2025-04-15 04:14:53,377 basehttp "GET /api/ping/ HTTP/1.1" 200 15
INFO 2025-04-15 04:15:06,137 basehttp "POST /api/auth/login/ HTTP/1.1" 200 575
INFO 2025-04-15 04:15:06,373 basehttp "GET /api/philosophers/ HTTP/1.1" 200 248
WARNING 2025-04-15 04:15:06,375 log Forbidden: /api/sessions/
WARNING 2025-04-15 04:15:06,375 basehttp "GET /api/sessions/ HTTP/1.1" 403 58
INFO 2025-04-15 04:15:15,473 basehttp "POST /api/auth/login/ HTTP/1.1" 200 575
INFO 2025-04-15 04:15:15,509 basehttp "GET /api/philosophers/ HTTP/1.1" 200 248
WARNING 2025-04-15 04:15:15,511 log Forbidden: /api/sessions/
WARNING 2025-04-15 04:15:15,512 basehttp "GET /api/sessions/ HTTP/1.1" 403 58
INFO 2025-04-15 04:15:19,764 basehttp "GET /api/philosophers/ HTTP/1.1" 200 248
WARNING 2025-04-15 04:15:19,770 log Forbidden: /api/sessions/create_session/
WARNING 2025-04-15 04:15:19,770 basehttp "POST /api/sessions/create_session/ HTTP/1.1" 403 58
INFO 2025-04-15 04:15:19,935 basehttp "GET /api/philosophers/ HTTP/1.1" 200 248
WARNING 2025-04-15 04:15:19,939 log Forbidden: /api/sessions/create_session/
WARNING 2025-04-15 04:15:19,939 basehttp "POST /api/sessions/create_session/ HTTP/1.1" 403 58
INFO 2025-04-15 04:15:20,099 basehttp "GET /api/philosophers/ HTTP/1.1" 200 248
WARNING 2025-04-15 04:15:20,104 log Forbidden: /api/sessions/create_session/
WARNING 2025-04-15 04:15:20,105 basehttp "POST /api/sessions/create_session/ HTTP/1.1" 403 58
INFO 2025-04-15 04:15:25,228 basehttp "GET /api/ping/ HTTP/1.1" 200 15
INFO 2025-04-15 04:15:25,235 basehttp "GET /api/philosophers/ HTTP/1.1" 200 248
WARNING 2025-04-15 04:15:25,240 log Forbidden: /api/sessions/
WARNING 2025-04-15 04:15:25,241 basehttp "GET /api/sessions/ HTTP/1.1" 403 58
INFO 2025-04-15 04:18:17,337 autoreload /Users/dhairyabhatt/code_dir/philosophy_ai-main/philosophy_project/settings.py changed, reloading.
INFO 2025-04-15 04:18:17,552 autoreload Watching for file changes with StatReloader
INFO 2025-04-15 04:18:59,651 basehttp "POST /api/auth/login/ HTTP/1.1" 200 575
INFO 2025-04-15 04:18:59,671 basehttp "GET /api/philosophers/ HTTP/1.1" 200 248
INFO 2025-04-15 04:19:00,979 basehttp "GET /api/philosophers/ HTTP/1.1" 200 248
INFO 2025-04-15 04:19:00,981 views User authenticated: True
INFO 2025-04-15 04:19:00,981 views User: today
INFO 2025-04-15 04:19:00,986 basehttp "POST /api/sessions/create_session/ HTTP/1.1" 200 244
INFO 2025-04-15 04:19:01,014 basehttp "GET /api/philosophers/ HTTP/1.1" 200 248
INFO 2025-04-15 04:19:05,531 basehttp "GET /api/philosophers/ HTTP/1.1" 200 248
INFO 2025-04-15 04:19:06,304 basehttp "POST /api/sessions/9dd850ad-0ac7-426a-812c-875c22b0c5e0/add_message/ HTTP/1.1" 200 674
INFO 2025-04-15 04:19:25,183 basehttp "GET /api/philosophers/ HTTP/1.1" 200 248
INFO 2025-04-15 04:19:26,130 basehttp "POST /api/sessions/9dd850ad-0ac7-426a-812c-875c22b0c5e0/add_message/ HTTP/1.1" 200 839
INFO 2025-04-15 04:19:50,534 basehttp "GET /api/philosophers/ HTTP/1.1" 200 248
INFO 2025-04-15 04:19:51,559 basehttp "POST /api/sessions/9dd850ad-0ac7-426a-812c-875c22b0c5e0/add_message/ HTTP/1.1" 200 895
INFO 2025-04-15 04:19:58,887 basehttp "GET /api/philosophers/ HTTP/1.1" 200 248
INFO 2025-04-15 04:20:07,583 basehttp "GET /api/philosophers/ HTTP/1.1" 200 248
INFO 2025-04-15 04:20:08,687 basehttp "POST /api/sessions/9dd850ad-0ac7-426a-812c-875c22b0c5e0/add_message/ HTTP/1.1" 200 1063
INFO 2025-04-15 04:20:12,816 basehttp "GET /api/philosophers/ HTTP/1.1" 200 248
INFO 2025-04-15 04:20:19,770 basehttp "GET /api/philosophers/ HTTP/1.1" 200 248
INFO 2025-04-15 04:20:19,774 views User authenticated: True
INFO 2025-04-15 04:20:19,774 views User: today
INFO 2025-04-15 04:20:19,778 basehttp "POST /api/sessions/create_session/ HTTP/1.1" 200 234
INFO 2025-04-15 04:20:19,808 basehttp "GET /api/philosophers/ HTTP/1.1" 200 248
INFO 2025-04-15 04:20:23,514 basehttp "GET /api/philosophers/ HTTP/1.1" 200 248
INFO 2025-04-15 04:20:24,244 basehttp "POST /api/sessions/502c4d65-e190-4b86-a597-d16ceac8d388/add_message/ HTTP/1.1" 200 570
INFO 2025-04-15 04:20:31,278 basehttp "GET /api/philosophers/ HTTP/1.1" 200 248
INFO 2025-04-15 04:20:32,463 basehttp "POST /api/sessions/502c4d65-e190-4b86-a597-d16ceac8d388/add_message/ HTTP/1.1" 200 1040
INFO 2025-04-15 04:20:40,168 basehttp "GET /api/philosophers/ HTTP/1.1" 200 248
INFO 2025-04-15 04:20:49,180 basehttp "GET /api/philosophers/ HTTP/1.1" 200 248
INFO 2025-04-15 04:20:51,008 basehttp "POST /api/sessions/502c4d65-e190-4b86-a597-d16ceac8d388/add_message/ HTTP/1.1" 200 1828
INFO 2025-04-15 04:20:55,895 basehttp "GET /api/philosophers/ HTTP/1.1" 200 248
INFO 2025-04-15 04:20:55,901 views User authenticated: True
INFO 2025-04-15 04:20:55,901 views User: today
INFO 2025-04-15 04:20:55,904 basehttp "POST /api/sessions/create_session/ HTTP/1.1" 200 238
INFO 2025-04-15 04:20:55,945 basehttp "GET /api/philosophers/ HTTP/1.1" 200 248
INFO 2025-04-15 04:21:26,484 basehttp "GET /api/philosophers/ HTTP/1.1" 200 248
INFO 2025-04-15 04:21:28,438 basehttp "POST /api/sessions/24b06120-2b4b-4500-a72b-ae5c52b02e8c/add_message/ HTTP/1.1" 200 2274
INFO 2025-04-15 04:21:34,739 basehttp "GET /api/philosophers/ HTTP/1.1" 200 248
INFO 2025-04-15 04:21:35,380 basehttp "GET /api/philosophers/ HTTP/1.1" 200 248
INFO 2025-04-15 04:21:35,385 views User authenticated: True
INFO 2025-04-15 04:21:35,385 views User: today
INFO 2025-04-15 04:21:35,390 basehttp "POST /api/sessions/create_session/ HTTP/1.1" 200 239
INFO 2025-04-15 04:21:35,430 basehttp "GET /api/philosophers/ HTTP/1.1" 200 248
INFO 2025-04-15 04:21:50,412 basehttp "GET /api/philosophers/ HTTP/1.1" 200 248
INFO 2025-04-15 04:21:52,551 basehttp "POST /api/sessions/4ace4b2f-1e9f-4b2a-a1dd-c5ecdaf3e452/add_message/ HTTP/1.1" 200 2256
INFO 2025-04-15 04:33:18,422 basehttp "GET /api/philosophers/ HTTP/1.1" 200 248
INFO 2025-04-15 04:33:24,011 basehttp "GET /api/philosophers/ HTTP/1.1" 200 248
INFO 2025-04-15 04:33:25,481 basehttp "POST /api/sessions/4ace4b2f-1e9f-4b2a-a1dd-c5ecdaf3e452/add_message/ HTTP/1.1" 200 1603
INFO 2025-04-15 04:33:32,347 basehttp "GET /api/philosophers/ HTTP/1.1" 200 248
INFO 2025-04-15 04:33:33,902 basehttp "GET /api/philosophers/ HTTP/1.1" 200 248
INFO 2025-04-15 04:33:33,909 views User authenticated: True
INFO 2025-04-15 04:33:33,909 views User: today
INFO 2025-04-15 04:33:33,913 basehttp "POST /api/sessions/create_session/ HTTP/1.1" 200 244
INFO 2025-04-15 04:33:33,944 basehttp "GET /api/philosophers/ HTTP/1.1" 200 248
INFO 2025-04-15 04:34:40,723 basehttp "GET /api/philosophers/ HTTP/1.1" 200 248
INFO 2025-04-15 04:34:40,732 basehttp "GET /api/sessions/ HTTP/1.1" 200 16078
INFO 2025-04-15 04:34:52,436 basehttp "GET /api/philosophers/ HTTP/1.1" 200 248
INFO 2025-04-15 04:34:52,442 basehttp "GET /api/sessions/ HTTP/1.1" 200 16078
INFO 2025-04-15 04:34:54,833 basehttp "POST /api/sessions/2c6b8ef9-ac74-4204-b098-fef5db8033a4/add_message/ HTTP/1.1" 200 1572
INFO 2025-04-15 04:35:57,789 autoreload /Users/dhairyabhatt/code_dir/philosophy_ai-main/philosophy_api/views.py changed, reloading.
INFO 2025-04-15 04:35:58,020 autoreload Watching for file changes with StatReloader
INFO 2025-04-15 04:36:17,293 basehttp "GET /api/philosophers/ HTTP/1.1" 200 248
INFO 2025-04-15 04:36:21,905 basehttp "GET /api/philosophers/ HTTP/1.1" 200 248
INFO 2025-04-15 04:36:28,514 basehttp "GET /api/philosophers/ HTTP/1.1" 200 248
INFO 2025-04-15 04:36:29,896 basehttp "POST /api/sessions/2c6b8ef9-ac74-4204-b098-fef5db8033a4/add_message/ HTTP/1.1" 200 149
INFO 2025-04-15 04:36:32,497 basehttp "GET /api/philosophers/ HTTP/1.1" 200 248
INFO 2025-04-15 04:36:32,503 views User authenticated: True
INFO 2025-04-15 04:36:32,503 views User: today
INFO 2025-04-15 04:36:32,508 basehttp "POST /api/sessions/create_session/ HTTP/1.1" 200 234
INFO 2025-04-15 04:36:32,548 basehttp "GET /api/philosophers/ HTTP/1.1" 200 248
INFO 2025-04-15 04:36:37,443 basehttp "GET /api/philosophers/ HTTP/1.1" 200 248
INFO 2025-04-15 06:04:13,044 autoreload /Users/dhairyabhatt/code_dir/philosophy_ai-main/philosophy_api/urls.py changed, reloading.
INFO 2025-04-15 06:04:13,342 autoreload Watching for file changes with StatReloader
INFO 2025-04-15 06:04:32,828 autoreload /Users/dhairyabhatt/code_dir/philosophy_ai-main/philosophy_api/views.py changed, reloading.
INFO 2025-04-15 06:04:33,015 autoreload Watching for file changes with StatReloader
INFO 2025-04-15 06:04:43,692 autoreload Watching for file changes with StatReloader
WARNING 2025-04-15 06:04:44,453 log Unauthorized: /api/ping/
WARNING 2025-04-15 06:04:44,454 basehttp "GET /api/ping/ HTTP/1.1" 401 58
WARNING 2025-04-15 06:04:44,459 log Unauthorized: /api/ping/
WARNING 2025-04-15 06:04:44,460 basehttp "GET /api/ping/ HTTP/1.1" 401 58
WARNING 2025-04-15 06:04:44,464 log Unauthorized: /api/ping/
WARNING 2025-04-15 06:04:44,464 basehttp "GET /api/ping/ HTTP/1.1" 401 58
WARNING 2025-04-15 06:04:44,468 log Unauthorized: /api/ping/
WARNING 2025-04-15 06:04:44,468 basehttp "GET /api/ping/ HTTP/1.1" 401 58
WARNING 2025-04-15 06:04:44,471 log Unauthorized: /api/ping/
WARNING 2025-04-15 06:04:44,471 basehttp "GET /api/ping/ HTTP/1.1" 401 58
WARNING 2025-04-15 06:04:44,473 log Unauthorized: /api/ping/
WARNING 2025-04-15 06:04:44,473 basehttp "GET /api/ping/ HTTP/1.1" 401 58
WARNING 2025-04-15 06:04:44,475 log Unauthorized: /api/ping/
WARNING 2025-04-15 06:04:44,475 basehttp "GET /api/ping/ HTTP/1.1" 401 58
WARNING 2025-04-15 06:04:44,477 log Unauthorized: /api/ping/
WARNING 2025-04-15 06:04:44,477 basehttp "GET /api/ping/ HTTP/1.1" 401 58
WARNING 2025-04-15 06:04:44,479 log Unauthorized: /api/ping/
WARNING 2025-04-15 06:04:44,479 basehttp "GET /api/ping/ HTTP/1.1" 401 58
INFO 2025-04-15 06:04:57,997 autoreload Watching for file changes with StatReloader
WARNING 2025-04-15 06:04:58,765 log Unauthorized: /api/ping/
WARNING 2025-04-15 06:04:58,766 basehttp "GET /api/ping/ HTTP/1.1" 401 58
WARNING 2025-04-15 06:04:58,771 log Unauthorized: /api/ping/
WARNING 2025-04-15 06:04:58,771 basehttp "GET /api/ping/ HTTP/1.1" 401 58
WARNING 2025-04-15 06:04:58,776 log Unauthorized: /api/ping/
WARNING 2025-04-15 06:04:58,776 basehttp "GET /api/ping/ HTTP/1.1" 401 58
WARNING 2025-04-15 06:04:58,780 log Unauthorized: /api/ping/
WARNING 2025-04-15 06:04:58,780 basehttp "GET /api/ping/ HTTP/1.1" 401 58
WARNING 2025-04-15 06:04:58,782 log Unauthorized: /api/ping/
WARNING 2025-04-15 06:04:58,783 basehttp "GET /api/ping/ HTTP/1.1" 401 58
WARNING 2025-04-15 06:04:58,785 log Unauthorized: /api/ping/
WARNING 2025-04-15 06:04:58,785 basehttp "GET /api/ping/ HTTP/1.1" 401 58
WARNING 2025-04-15 06:04:58,787 log Unauthorized: /api/ping/
WARNING 2025-04-15 06:04:58,788 basehttp "GET /api/ping/ HTTP/1.1" 401 58
WARNING 2025-04-15 06:04:58,789 log Unauthorized: /api/ping/
WARNING 2025-04-15 06:04:58,789 basehttp "GET /api/ping/ HTTP/1.1" 401 58
WARNING 2025-04-15 06:04:58,791 log Unauthorized: /api/ping/
WARNING 2025-04-15 06:04:58,791 basehttp "GET /api/ping/ HTTP/1.1" 401 58
INFO 2025-04-15 06:10:59,357 autoreload Watching for file changes with StatReloader
INFO 2025-04-15 06:11:00,112 basehttp "GET /api/ping/ HTTP/1.1" 200 15
INFO 2025-04-15 06:11:29,445 basehttp "POST /api/auth/login/ HTTP/1.1" 200 575
INFO 2025-04-15 06:11:29,686 basehttp "GET /api/philosophers/ HTTP/1.1" 200 248
INFO 2025-04-15 06:11:31,787 basehttp "GET /api/philosophers/ HTTP/1.1" 200 248
INFO 2025-04-15 06:11:31,793 views User authenticated: True
INFO 2025-04-15 06:11:31,793 views User: today
INFO 2025-04-15 06:11:31,797 basehttp "POST /api/sessions/create_session/ HTTP/1.1" 200 244
INFO 2025-04-15 06:11:31,830 basehttp "GET /api/philosophers/ HTTP/1.1" 200 248
INFO 2025-04-15 06:11:31,835 basehttp "GET /api/sessions/6279b59a-3efc-4ca6-a0be-9b8270aa3b62/ HTTP/1.1" 200 244
INFO 2025-04-15 06:11:45,775 basehttp "GET /api/philosophers/ HTTP/1.1" 200 248
INFO 2025-04-15 06:11:45,782 basehttp "GET /api/sessions/6279b59a-3efc-4ca6-a0be-9b8270aa3b62/ HTTP/1.1" 200 244
INFO 2025-04-15 06:11:50,151 basehttp "POST /api/sessions/6279b59a-3efc-4ca6-a0be-9b8270aa3b62/add_message/ HTTP/1.1" 200 922
INFO 2025-04-15 06:11:54,704 basehttp "GET /api/philosophers/ HTTP/1.1" 200 248
INFO 2025-04-15 06:11:54,710 basehttp "GET /api/sessions/6279b59a-3efc-4ca6-a0be-9b8270aa3b62/ HTTP/1.1" 200 1351
INFO 2025-04-15 06:11:55,320 basehttp "GET /api/philosophers/ HTTP/1.1" 200 248
INFO 2025-04-15 06:11:55,331 basehttp "GET /api/sessions/6279b59a-3efc-4ca6-a0be-9b8270aa3b62/ HTTP/1.1" 200 1351
WARNING 2025-04-15 06:11:55,344 log Not Found: /api/sessions/6279b59a-3efc-4ca6-a0be-9b8270aa3b62/change_philosopher/
WARNING 2025-04-15 06:11:55,345 basehttp "PATCH /api/sessions/6279b59a-3efc-4ca6-a0be-9b8270aa3b62/change_philosopher/ HTTP/1.1" 404 7082
INFO 2025-04-15 06:12:21,537 basehttp "GET /api/philosophers/ HTTP/1.1" 200 248
INFO 2025-04-15 06:12:21,540 views User authenticated: True
INFO 2025-04-15 06:12:21,540 views User: today
INFO 2025-04-15 06:12:21,542 basehttp "POST /api/sessions/create_session/ HTTP/1.1" 200 244
INFO 2025-04-15 06:12:21,572 basehttp "GET /api/philosophers/ HTTP/1.1" 200 248
INFO 2025-04-15 06:12:21,577 basehttp "GET /api/sessions/2ecc7b6a-41ce-4bbb-8b96-7df2d370ce0d/ HTTP/1.1" 200 244
INFO 2025-04-15 06:24:03,355 autoreload /Users/dhairyabhatt/code_dir/philosophy_ai-main/philosophy_api/urls.py changed, reloading.
INFO 2025-04-15 06:24:03,564 autoreload Watching for file changes with StatReloader
INFO 2025-04-15 06:25:51,177 basehttp "GET /api/philosophers/ HTTP/1.1" 200 248
INFO 2025-04-15 06:25:51,180 views User authenticated: True
INFO 2025-04-15 06:25:51,180 views User: today
INFO 2025-04-15 06:25:51,184 basehttp "POST /api/sessions/create_session/ HTTP/1.1" 200 244
INFO 2025-04-15 06:25:51,212 basehttp "GET /api/philosophers/ HTTP/1.1" 200 248
INFO 2025-04-15 06:25:51,221 basehttp "GET /api/sessions/ HTTP/1.1" 200 20234
INFO 2025-04-15 06:25:51,229 basehttp "GET /api/sessions/4df8d71f-a1d1-4c43-9a9d-c36c7dab52f6/ HTTP/1.1" 200 244
INFO 2025-04-15 06:25:56,159 basehttp "GET /api/philosophers/ HTTP/1.1" 200 248
INFO 2025-04-15 06:25:56,170 basehttp "GET /api/sessions/ HTTP/1.1" 200 20234
INFO 2025-04-15 06:25:56,177 basehttp "GET /api/sessions/4df8d71f-a1d1-4c43-9a9d-c36c7dab52f6/ HTTP/1.1" 200 244
INFO 2025-04-15 06:25:57,136 basehttp "GET /api/philosophers/ HTTP/1.1" 200 248
INFO 2025-04-15 06:25:57,146 basehttp "GET /api/sessions/ HTTP/1.1" 200 20234
INFO 2025-04-15 06:25:57,152 basehttp "GET /api/sessions/4df8d71f-a1d1-4c43-9a9d-c36c7dab52f6/ HTTP/1.1" 200 244
INFO 2025-04-15 06:25:57,159 basehttp "PATCH /api/sessions/4df8d71f-a1d1-4c43-9a9d-c36c7dab52f6/change-philosopher/ HTTP/1.1" 200 5548
INFO 2025-04-15 06:25:57,163 basehttp "GET /api/sessions/4df8d71f-a1d1-4c43-9a9d-c36c7dab52f6/ HTTP/1.1" 200 5548
INFO 2025-04-15 06:25:57,193 basehttp "GET /api/philosophers/ HTTP/1.1" 200 248
INFO 2025-04-15 06:25:57,202 basehttp "GET /api/sessions/ HTTP/1.1" 200 25538
INFO 2025-04-15 06:25:57,209 basehttp "GET /api/sessions/4df8d71f-a1d1-4c43-9a9d-c36c7dab52f6/ HTTP/1.1" 200 5548
INFO 2025-04-15 06:26:07,042 basehttp "GET /api/philosophers/ HTTP/1.1" 200 248
INFO 2025-04-15 06:26:07,057 basehttp "GET /api/sessions/ HTTP/1.1" 200 25538
INFO 2025-04-15 06:26:07,065 basehttp "GET /api/sessions/4df8d71f-a1d1-4c43-9a9d-c36c7dab52f6/ HTTP/1.1" 200 5548
INFO 2025-04-15 06:26:07,959 basehttp "POST /api/sessions/4df8d71f-a1d1-4c43-9a9d-c36c7dab52f6/add_message/ HTTP/1.1" 200 829
INFO 2025-04-15 06:26:13,836 basehttp "GET /api/philosophers/ HTTP/1.1" 200 248
INFO 2025-04-15 06:26:13,850 basehttp "GET /api/sessions/ HTTP/1.1" 200 26552
INFO 2025-04-15 06:26:13,860 basehttp "GET /api/sessions/4df8d71f-a1d1-4c43-9a9d-c36c7dab52f6/ HTTP/1.1" 200 6562
INFO 2025-04-15 06:26:15,016 basehttp "GET /api/philosophers/ HTTP/1.1" 200 248
INFO 2025-04-15 06:26:15,023 basehttp "GET /api/sessions/ HTTP/1.1" 200 26552
INFO 2025-04-15 06:26:15,031 basehttp "GET /api/sessions/4df8d71f-a1d1-4c43-9a9d-c36c7dab52f6/ HTTP/1.1" 200 6562
INFO 2025-04-15 06:26:15,039 basehttp "PATCH /api/sessions/4df8d71f-a1d1-4c43-9a9d-c36c7dab52f6/change-philosopher/ HTTP/1.1" 200 5936
INFO 2025-04-15 06:26:15,044 basehttp "GET /api/sessions/4df8d71f-a1d1-4c43-9a9d-c36c7dab52f6/ HTTP/1.1" 200 5936
INFO 2025-04-15 06:26:15,085 basehttp "GET /api/philosophers/ HTTP/1.1" 200 248
INFO 2025-04-15 06:26:15,093 basehttp "GET /api/sessions/ HTTP/1.1" 200 25926
INFO 2025-04-15 06:26:15,100 basehttp "GET /api/sessions/4df8d71f-a1d1-4c43-9a9d-c36c7dab52f6/ HTTP/1.1" 200 5936
INFO 2025-04-15 06:26:24,213 basehttp "GET /api/philosophers/ HTTP/1.1" 200 248
INFO 2025-04-15 06:26:24,216 views User authenticated: True
INFO 2025-04-15 06:26:24,216 views User: today
INFO 2025-04-15 06:26:24,217 basehttp "POST /api/sessions/create_session/ HTTP/1.1" 200 244
INFO 2025-04-15 06:26:24,241 basehttp "GET /api/philosophers/ HTTP/1.1" 200 248
INFO 2025-04-15 06:26:24,248 basehttp "GET /api/sessions/ HTTP/1.1" 200 26171
INFO 2025-04-15 06:26:24,257 basehttp "GET /api/sessions/2142ee78-d950-4eed-b2bd-ba5b4f5fd099/ HTTP/1.1" 200 244
INFO 2025-04-15 06:26:46,706 basehttp "GET /api/philosophers/ HTTP/1.1" 200 248
INFO 2025-04-15 06:26:46,719 basehttp "GET /api/sessions/ HTTP/1.1" 200 26171
INFO 2025-04-15 06:26:46,728 basehttp "GET /api/sessions/2142ee78-d950-4eed-b2bd-ba5b4f5fd099/ HTTP/1.1" 200 244
INFO 2025-04-15 06:26:47,913 basehttp "GET /api/philosophers/ HTTP/1.1" 200 248
INFO 2025-04-15 06:26:47,920 basehttp "GET /api/sessions/ HTTP/1.1" 200 26171
INFO 2025-04-15 06:26:47,926 basehttp "GET /api/sessions/2142ee78-d950-4eed-b2bd-ba5b4f5fd099/ HTTP/1.1" 200 244
INFO 2025-04-15 06:26:47,933 basehttp "PATCH /api/sessions/2142ee78-d950-4eed-b2bd-ba5b4f5fd099/change-philosopher/ HTTP/1.1" 200 4922
INFO 2025-04-15 06:26:47,939 basehttp "GET /api/sessions/2142ee78-d950-4eed-b2bd-ba5b4f5fd099/ HTTP/1.1" 200 4922
INFO 2025-04-15 06:26:47,970 basehttp "GET /api/philosophers/ HTTP/1.1" 200 248
INFO 2025-04-15 06:26:47,977 basehttp "GET /api/sessions/ HTTP/1.1" 200 30849
INFO 2025-04-15 06:26:47,985 basehttp "GET /api/sessions/2142ee78-d950-4eed-b2bd-ba5b4f5fd099/ HTTP/1.1" 200 4922
INFO 2025-04-15 06:26:51,308 basehttp "GET /api/philosophers/ HTTP/1.1" 200 248
INFO 2025-04-15 06:26:51,318 basehttp "GET /api/sessions/ HTTP/1.1" 200 30849
INFO 2025-04-15 06:26:51,326 basehttp "GET /api/sessions/2142ee78-d950-4eed-b2bd-ba5b4f5fd099/ HTTP/1.1" 200 4922
INFO 2025-04-15 06:26:52,162 basehttp "GET /api/philosophers/ HTTP/1.1" 200 248
INFO 2025-04-15 06:26:52,177 basehttp "GET /api/sessions/ HTTP/1.1" 200 30849
INFO 2025-04-15 06:26:52,185 basehttp "GET /api/sessions/2142ee78-d950-4eed-b2bd-ba5b4f5fd099/ HTTP/1.1" 200 4922
INFO 2025-04-15 06:26:52,193 basehttp "PATCH /api/sessions/2142ee78-d950-4eed-b2bd-ba5b4f5fd099/change-philosopher/ HTTP/1.1" 200 4617
INFO 2025-04-15 06:26:52,197 basehttp "GET /api/sessions/2142ee78-d950-4eed-b2bd-ba5b4f5fd099/ HTTP/1.1" 200 4617
INFO 2025-04-15 06:26:52,226 basehttp "GET /api/philosophers/ HTTP/1.1" 200 248
INFO 2025-04-15 06:26:52,234 basehttp "GET /api/sessions/ HTTP/1.1" 200 30544
INFO 2025-04-15 06:26:52,240 basehttp "GET /api/sessions/2142ee78-d950-4eed-b2bd-ba5b4f5fd099/ HTTP/1.1" 200 4617
INFO 2025-04-15 06:26:55,107 basehttp "GET /api/philosophers/ HTTP/1.1" 200 248
INFO 2025-04-15 06:26:55,120 basehttp "GET /api/sessions/ HTTP/1.1" 200 30544
INFO 2025-04-15 06:26:55,127 basehttp "GET /api/sessions/2142ee78-d950-4eed-b2bd-ba5b4f5fd099/ HTTP/1.1" 200 4617
INFO 2025-04-15 06:26:57,913 basehttp "GET /api/philosophers/ HTTP/1.1" 200 248
INFO 2025-04-15 06:26:57,940 basehttp "GET /api/sessions/ HTTP/1.1" 200 30544
INFO 2025-04-15 06:26:57,947 basehttp "GET /api/sessions/2142ee78-d950-4eed-b2bd-ba5b4f5fd099/ HTTP/1.1" 200 4617
INFO 2025-04-15 06:26:58,869 basehttp "GET /api/philosophers/ HTTP/1.1" 200 248
INFO 2025-04-15 06:26:58,880 basehttp "GET /api/sessions/ HTTP/1.1" 200 30544
INFO 2025-04-15 06:26:58,887 basehttp "GET /api/sessions/2142ee78-d950-4eed-b2bd-ba5b4f5fd099/ HTTP/1.1" 200 4617
INFO 2025-04-15 06:26:58,895 basehttp "PATCH /api/sessions/2142ee78-d950-4eed-b2bd-ba5b4f5fd099/change-philosopher/ HTTP/1.1" 200 5548
INFO 2025-04-15 06:26:58,900 basehttp "GET /api/sessions/2142ee78-d950-4eed-b2bd-ba5b4f5fd099/ HTTP/1.1" 200 5548
INFO 2025-04-15 06:26:58,932 basehttp "GET /api/philosophers/ HTTP/1.1" 200 248
INFO 2025-04-15 06:26:58,940 basehttp "GET /api/sessions/ HTTP/1.1" 200 31475
INFO 2025-04-15 06:26:58,948 basehttp "GET /api/sessions/2142ee78-d950-4eed-b2bd-ba5b4f5fd099/ HTTP/1.1" 200 5548
INFO 2025-04-15 06:27:03,383 basehttp "GET /api/philosophers/ HTTP/1.1" 200 248
INFO 2025-04-15 06:27:03,399 basehttp "GET /api/sessions/ HTTP/1.1" 200 31475
INFO 2025-04-15 06:27:03,408 basehttp "GET /api/sessions/2142ee78-d950-4eed-b2bd-ba5b4f5fd099/ HTTP/1.1" 200 5548
INFO 2025-04-15 06:27:04,402 basehttp "POST /api/sessions/2142ee78-d950-4eed-b2bd-ba5b4f5fd099/add_message/ HTTP/1.1" 200 821
INFO 2025-04-15 06:27:07,779 basehttp "GET /api/philosophers/ HTTP/1.1" 200 248
INFO 2025-04-15 06:27:07,787 basehttp "GET /api/sessions/ HTTP/1.1" 200 32469
INFO 2025-04-15 06:27:07,794 basehttp "GET /api/sessions/2142ee78-d950-4eed-b2bd-ba5b4f5fd099/ HTTP/1.1" 200 6542
INFO 2025-04-15 06:27:09,362 basehttp "POST /api/sessions/2142ee78-d950-4eed-b2bd-ba5b4f5fd099/add_message/ HTTP/1.1" 200 1833
INFO 2025-04-15 06:27:13,473 basehttp "GET /api/philosophers/ HTTP/1.1" 200 248
INFO 2025-04-15 06:27:13,486 basehttp "GET /api/sessions/ HTTP/1.1" 200 34482
INFO 2025-04-15 06:27:13,493 basehttp "GET /api/sessions/2142ee78-d950-4eed-b2bd-ba5b4f5fd099/ HTTP/1.1" 200 8555
INFO 2025-04-15 06:27:15,858 basehttp "GET /api/philosophers/ HTTP/1.1" 200 248
INFO 2025-04-15 06:27:15,872 basehttp "GET /api/sessions/ HTTP/1.1" 200 34482
INFO 2025-04-15 06:27:15,878 basehttp "GET /api/sessions/2142ee78-d950-4eed-b2bd-ba5b4f5fd099/ HTTP/1.1" 200 8555
INFO 2025-04-15 06:27:16,964 basehttp "GET /api/philosophers/ HTTP/1.1" 200 248
INFO 2025-04-15 06:27:16,978 basehttp "GET /api/sessions/ HTTP/1.1" 200 34482
INFO 2025-04-15 06:27:16,986 basehttp "GET /api/sessions/2142ee78-d950-4eed-b2bd-ba5b4f5fd099/ HTTP/1.1" 200 8555
INFO 2025-04-15 06:27:16,994 basehttp "PATCH /api/sessions/2142ee78-d950-4eed-b2bd-ba5b4f5fd099/change-philosopher/ HTTP/1.1" 200 7050
INFO 2025-04-15 06:27:16,998 basehttp "GET /api/sessions/2142ee78-d950-4eed-b2bd-ba5b4f5fd099/ HTTP/1.1" 200 7050
INFO 2025-04-15 06:27:17,027 basehttp "GET /api/philosophers/ HTTP/1.1" 200 248
INFO 2025-04-15 06:27:17,035 basehttp "GET /api/sessions/ HTTP/1.1" 200 32977
INFO 2025-04-15 06:27:17,041 basehttp "GET /api/sessions/2142ee78-d950-4eed-b2bd-ba5b4f5fd099/ HTTP/1.1" 200 7050
INFO 2025-04-15 06:27:25,096 basehttp "GET /api/philosophers/ HTTP/1.1" 200 248
INFO 2025-04-15 06:27:25,112 basehttp "GET /api/sessions/ HTTP/1.1" 200 32977
INFO 2025-04-15 06:27:25,148 basehttp "GET /api/philosophers/ HTTP/1.1" 200 248
INFO 2025-04-15 06:27:25,157 basehttp "GET /api/sessions/ HTTP/1.1" 200 32977
INFO 2025-04-15 06:27:25,164 basehttp "GET /api/sessions/9dd850ad-0ac7-426a-812c-875c22b0c5e0/ HTTP/1.1" 200 4454
INFO 2025-04-15 06:27:26,282 basehttp "GET /api/philosophers/ HTTP/1.1" 200 248
INFO 2025-04-15 06:27:26,289 basehttp "GET /api/sessions/ HTTP/1.1" 200 32977
INFO 2025-04-15 06:27:26,329 basehttp "GET /api/philosophers/ HTTP/1.1" 200 248
INFO 2025-04-15 06:27:26,339 basehttp "GET /api/sessions/ HTTP/1.1" 200 32977
INFO 2025-04-15 06:27:26,345 basehttp "GET /api/sessions/502c4d65-e190-4b86-a597-d16ceac8d388/ HTTP/1.1" 200 4215
INFO 2025-04-15 06:27:27,244 basehttp "GET /api/philosophers/ HTTP/1.1" 200 248
INFO 2025-04-15 06:27:27,259 basehttp "GET /api/sessions/ HTTP/1.1" 200 32977
INFO 2025-04-15 06:27:27,290 basehttp "GET /api/philosophers/ HTTP/1.1" 200 248
INFO 2025-04-15 06:27:27,300 basehttp "GET /api/sessions/ HTTP/1.1" 200 32977
INFO 2025-04-15 06:27:27,306 basehttp "GET /api/sessions/24b06120-2b4b-4500-a72b-ae5c52b02e8c/ HTTP/1.1" 200 2703
INFO 2025-04-15 06:27:28,495 basehttp "GET /api/philosophers/ HTTP/1.1" 200 248
INFO 2025-04-15 06:27:28,510 basehttp "GET /api/sessions/ HTTP/1.1" 200 32977
INFO 2025-04-15 06:27:28,547 basehttp "GET /api/philosophers/ HTTP/1.1" 200 248
INFO 2025-04-15 06:27:28,555 basehttp "GET /api/sessions/ HTTP/1.1" 200 32977
INFO 2025-04-15 06:27:28,562 basehttp "GET /api/sessions/4ace4b2f-1e9f-4b2a-a1dd-c5ecdaf3e452/ HTTP/1.1" 200 4456
INFO 2025-04-15 06:27:29,474 basehttp "GET /api/philosophers/ HTTP/1.1" 200 248
INFO 2025-04-15 06:27:29,491 basehttp "GET /api/sessions/ HTTP/1.1" 200 32977
INFO 2025-04-15 06:27:29,525 basehttp "GET /api/philosophers/ HTTP/1.1" 200 248
INFO 2025-04-15 06:27:29,533 basehttp "GET /api/sessions/ HTTP/1.1" 200 32977
INFO 2025-04-15 06:27:29,540 basehttp "GET /api/sessions/2c6b8ef9-ac74-4204-b098-fef5db8033a4/ HTTP/1.1" 200 2323
INFO 2025-04-15 06:27:30,378 basehttp "GET /api/philosophers/ HTTP/1.1" 200 248
INFO 2025-04-15 06:27:30,393 basehttp "GET /api/sessions/ HTTP/1.1" 200 32977
INFO 2025-04-15 06:27:30,425 basehttp "GET /api/philosophers/ HTTP/1.1" 200 248
INFO 2025-04-15 06:27:30,433 basehttp "GET /api/sessions/ HTTP/1.1" 200 32977
INFO 2025-04-15 06:27:30,440 basehttp "GET /api/sessions/0fe2c259-3037-4011-951a-b00c34a2fc06/ HTTP/1.1" 200 234
INFO 2025-04-15 06:27:32,430 basehttp "GET /api/philosophers/ HTTP/1.1" 200 248
INFO 2025-04-15 06:27:32,444 basehttp "GET /api/sessions/ HTTP/1.1" 200 32977
INFO 2025-04-15 06:27:32,476 basehttp "GET /api/philosophers/ HTTP/1.1" 200 248
INFO 2025-04-15 06:27:32,485 basehttp "GET /api/sessions/ HTTP/1.1" 200 32977
INFO 2025-04-15 06:27:32,491 basehttp "GET /api/sessions/6279b59a-3efc-4ca6-a0be-9b8270aa3b62/ HTTP/1.1" 200 1351
INFO 2025-04-15 06:27:33,247 basehttp "GET /api/philosophers/ HTTP/1.1" 200 248
INFO 2025-04-15 06:27:33,256 basehttp "GET /api/sessions/ HTTP/1.1" 200 32977
INFO 2025-04-15 06:27:33,282 basehttp "GET /api/philosophers/ HTTP/1.1" 200 248
INFO 2025-04-15 06:27:33,290 basehttp "GET /api/sessions/ HTTP/1.1" 200 32977
INFO 2025-04-15 06:27:33,296 basehttp "GET /api/sessions/2ecc7b6a-41ce-4bbb-8b96-7df2d370ce0d/ HTTP/1.1" 200 244
INFO 2025-04-15 06:27:34,041 basehttp "GET /api/philosophers/ HTTP/1.1" 200 248
INFO 2025-04-15 06:27:34,057 basehttp "GET /api/sessions/ HTTP/1.1" 200 32977
INFO 2025-04-15 06:27:34,090 basehttp "GET /api/philosophers/ HTTP/1.1" 200 248
INFO 2025-04-15 06:27:34,099 basehttp "GET /api/sessions/ HTTP/1.1" 200 32977
INFO 2025-04-15 06:27:34,106 basehttp "GET /api/sessions/4df8d71f-a1d1-4c43-9a9d-c36c7dab52f6/ HTTP/1.1" 200 5936
INFO 2025-04-15 06:27:34,669 basehttp "GET /api/philosophers/ HTTP/1.1" 200 248
INFO 2025-04-15 06:27:34,681 basehttp "GET /api/sessions/ HTTP/1.1" 200 32977
INFO 2025-04-15 06:27:34,713 basehttp "GET /api/philosophers/ HTTP/1.1" 200 248
INFO 2025-04-15 06:27:34,721 basehttp "GET /api/sessions/ HTTP/1.1" 200 32977
INFO 2025-04-15 06:27:34,728 basehttp "GET /api/sessions/2142ee78-d950-4eed-b2bd-ba5b4f5fd099/ HTTP/1.1" 200 7050
INFO 2025-04-15 06:35:55,693 basehttp "POST /api/auth/login/ HTTP/1.1" 200 575
INFO 2025-04-15 06:35:55,716 basehttp "GET /api/philosophers/ HTTP/1.1" 200 248
INFO 2025-04-15 06:35:55,722 basehttp "GET /api/sessions/ HTTP/1.1" 200 32977
INFO 2025-04-15 06:35:57,460 basehttp "GET /api/philosophers/ HTTP/1.1" 200 248
INFO 2025-04-15 06:35:57,464 views User authenticated: True
INFO 2025-04-15 06:35:57,464 views User: today
INFO 2025-04-15 06:35:57,467 basehttp "POST /api/sessions/create_session/ HTTP/1.1" 200 244
INFO 2025-04-15 06:35:57,498 basehttp "GET /api/philosophers/ HTTP/1.1" 200 248
INFO 2025-04-15 06:35:57,507 basehttp "GET /api/sessions/ HTTP/1.1" 200 33222
INFO 2025-04-15 06:35:57,515 basehttp "GET /api/sessions/e9bbfe3c-cc10-404f-8aaf-bbf1de2db1f1/ HTTP/1.1" 200 244
INFO 2025-04-15 06:36:00,556 basehttp "GET /api/philosophers/ HTTP/1.1" 200 248
INFO 2025-04-15 06:36:00,570 basehttp "GET /api/sessions/ HTTP/1.1" 200 33222
INFO 2025-04-15 06:36:00,579 basehttp "GET /api/sessions/e9bbfe3c-cc10-404f-8aaf-bbf1de2db1f1/ HTTP/1.1" 200 244
INFO 2025-04-15 06:36:07,754 basehttp "GET /api/philosophers/ HTTP/1.1" 200 248
INFO 2025-04-15 06:36:07,767 basehttp "GET /api/sessions/ HTTP/1.1" 200 33222
INFO 2025-04-15 06:36:07,774 basehttp "GET /api/sessions/e9bbfe3c-cc10-404f-8aaf-bbf1de2db1f1/ HTTP/1.1" 200 244
INFO 2025-04-15 06:36:08,796 basehttp "GET /api/philosophers/ HTTP/1.1" 200 248
INFO 2025-04-15 06:36:08,809 basehttp "GET /api/sessions/ HTTP/1.1" 200 33222
INFO 2025-04-15 06:36:08,816 basehttp "GET /api/sessions/e9bbfe3c-cc10-404f-8aaf-bbf1de2db1f1/ HTTP/1.1" 200 244
INFO 2025-04-15 06:36:08,824 basehttp "PATCH /api/sessions/e9bbfe3c-cc10-404f-8aaf-bbf1de2db1f1/change-philosopher/ HTTP/1.1" 200 5548
INFO 2025-04-15 06:36:08,827 basehttp "GET /api/sessions/e9bbfe3c-cc10-404f-8aaf-bbf1de2db1f1/ HTTP/1.1" 200 5548
INFO 2025-04-15 06:36:08,855 basehttp "GET /api/philosophers/ HTTP/1.1" 200 248
INFO 2025-04-15 06:36:08,863 basehttp "GET /api/sessions/ HTTP/1.1" 200 38526
INFO 2025-04-15 06:36:08,870 basehttp "GET /api/sessions/e9bbfe3c-cc10-404f-8aaf-bbf1de2db1f1/ HTTP/1.1" 200 5548
INFO 2025-04-15 06:40:42,894 basehttp "POST /api/auth/login/ HTTP/1.1" 200 575
INFO 2025-04-15 06:40:42,915 basehttp "GET /api/philosophers/ HTTP/1.1" 200 248
INFO 2025-04-15 06:40:42,922 basehttp "GET /api/sessions/ HTTP/1.1" 200 38526
INFO 2025-04-15 06:40:51,746 basehttp "GET /api/philosophers/ HTTP/1.1" 200 248
INFO 2025-04-15 06:40:51,759 basehttp "GET /api/sessions/ HTTP/1.1" 200 38526
INFO 2025-04-15 06:40:52,451 basehttp "GET /api/philosophers/ HTTP/1.1" 200 248
INFO 2025-04-15 06:40:52,462 basehttp "GET /api/sessions/ HTTP/1.1" 200 38526
WARNING 2025-04-15 06:40:52,475 log Not Found: /api/sessions/None/change_philosopher/
WARNING 2025-04-15 06:40:52,475 basehttp "PATCH /api/sessions/None/change_philosopher/ HTTP/1.1" 404 6986
INFO 2025-04-15 06:41:20,942 basehttp "POST /api/auth/login/ HTTP/1.1" 200 575
INFO 2025-04-15 06:41:20,963 basehttp "GET /api/philosophers/ HTTP/1.1" 200 248
INFO 2025-04-15 06:41:20,969 basehttp "GET /api/sessions/ HTTP/1.1" 200 38526
INFO 2025-04-15 06:41:24,567 basehttp "GET /api/philosophers/ HTTP/1.1" 200 248
INFO 2025-04-15 06:41:24,572 views User authenticated: True
INFO 2025-04-15 06:41:24,573 views User: today
INFO 2025-04-15 06:41:24,577 basehttp "POST /api/sessions/create_session/ HTTP/1.1" 200 244
INFO 2025-04-15 06:41:24,612 basehttp "GET /api/philosophers/ HTTP/1.1" 200 248
INFO 2025-04-15 06:41:24,622 basehttp "GET /api/sessions/ HTTP/1.1" 200 38771
INFO 2025-04-15 06:41:24,628 basehttp "GET /api/sessions/8c63aa1b-b244-4a1d-a6c3-413c53fb0a95/ HTTP/1.1" 200 244
INFO 2025-04-15 06:41:28,610 basehttp "GET /api/philosophers/ HTTP/1.1" 200 248
INFO 2025-04-15 06:41:28,620 basehttp "GET /api/sessions/ HTTP/1.1" 200 38771
INFO 2025-04-15 06:41:28,627 basehttp "GET /api/sessions/8c63aa1b-b244-4a1d-a6c3-413c53fb0a95/ HTTP/1.1" 200 244
INFO 2025-04-15 06:41:29,430 basehttp "GET /api/philosophers/ HTTP/1.1" 200 248
INFO 2025-04-15 06:41:29,446 basehttp "GET /api/sessions/ HTTP/1.1" 200 38771
INFO 2025-04-15 06:41:29,455 basehttp "GET /api/sessions/8c63aa1b-b244-4a1d-a6c3-413c53fb0a95/ HTTP/1.1" 200 244
INFO 2025-04-15 06:41:29,464 basehttp "PATCH /api/sessions/8c63aa1b-b244-4a1d-a6c3-413c53fb0a95/change-philosopher/ HTTP/1.1" 200 5548
INFO 2025-04-15 06:41:29,469 basehttp "GET /api/sessions/8c63aa1b-b244-4a1d-a6c3-413c53fb0a95/ HTTP/1.1" 200 5548
INFO 2025-04-15 06:41:29,496 basehttp "GET /api/philosophers/ HTTP/1.1" 200 248
INFO 2025-04-15 06:41:29,504 basehttp "GET /api/sessions/ HTTP/1.1" 200 44075
INFO 2025-04-15 06:41:29,511 basehttp "GET /api/sessions/8c63aa1b-b244-4a1d-a6c3-413c53fb0a95/ HTTP/1.1" 200 5548
INFO 2025-04-21 08:06:27,243 autoreload Watching for file changes with StatReloader
INFO 2025-04-21 08:06:27,991 basehttp "GET /api/ping/ HTTP/1.1" 200 15
INFO 2025-04-21 08:06:43,718 basehttp "OPTIONS /api/philosophers/ HTTP/1.1" 200 0
INFO 2025-04-21 08:06:47,917 basehttp "OPTIONS /api/philosophers/ HTTP/1.1" 200 0
INFO 2025-04-21 08:06:47,918 basehttp "OPTIONS /api/philosophers/ HTTP/1.1" 200 0
INFO 2025-04-21 18:31:58,952 basehttp "OPTIONS /api/philosophers/ HTTP/1.1" 200 0
INFO 2025-04-21 18:32:04,044 basehttp "OPTIONS /api/philosophers/ HTTP/1.1" 200 0
INFO 2025-04-21 18:32:04,047 basehttp "OPTIONS /api/philosophers/ HTTP/1.1" 200 0
INFO 2025-04-21 18:33:14,262 basehttp "OPTIONS /api/philosophers/ HTTP/1.1" 200 0
INFO 2025-04-21 18:33:14,263 basehttp "OPTIONS /api/philosophers/ HTTP/1.1" 200 0
INFO 2025-04-21 18:33:21,046 basehttp "OPTIONS /api/philosophers/ HTTP/1.1" 200 0
INFO 2025-04-21 18:33:21,047 basehttp "OPTIONS /api/philosophers/ HTTP/1.1" 200 0
INFO 2025-04-21 18:33:21,768 basehttp "OPTIONS /api/philosophers/ HTTP/1.1" 200 0
INFO 2025-04-21 18:33:21,769 basehttp "OPTIONS /api/philosophers/ HTTP/1.1" 200 0
INFO 2025-04-21 18:33:22,193 basehttp "OPTIONS /api/philosophers/ HTTP/1.1" 200 0
INFO 2025-04-21 18:33:22,193 basehttp "OPTIONS /api/philosophers/ HTTP/1.1" 200 0
INFO 2025-04-24 06:23:23,039 autoreload Watching for file changes with StatReloader
INFO 2025-04-24 06:25:23,892 basehttp "OPTIONS /api/philosophers/ HTTP/1.1" 200 0
INFO 2025-04-24 06:25:41,470 basehttp "OPTIONS /api/auth/register/ HTTP/1.1" 200 0
INFO 2025-04-24 06:25:50,400 basehttp "OPTIONS /api/auth/register/ HTTP/1.1" 200 0
INFO 2025-04-24 06:25:51,918 basehttp "OPTIONS /api/auth/register/ HTTP/1.1" 200 0
INFO 2025-04-24 06:25:52,135 basehttp "OPTIONS /api/auth/register/ HTTP/1.1" 200 0
INFO 2025-04-24 06:25:53,186 basehttp "OPTIONS /api/auth/register/ HTTP/1.1" 200 0
WARNING 2025-04-24 06:27:04,669 log Not Found: /
WARNING 2025-04-24 06:27:04,670 basehttp "GET / HTTP/1.1" 404 2175
WARNING 2025-04-24 06:27:04,731 log Not Found: /favicon.ico
WARNING 2025-04-24 06:27:04,732 basehttp "GET /favicon.ico HTTP/1.1" 404 2226
INFO 2025-04-24 06:33:30,781 basehttp "OPTIONS /api/auth/register/ HTTP/1.1" 200 0
INFO 2025-04-24 06:37:30,781 basehttp "OPTIONS /api/philosophers/ HTTP/1.1" 200 0
INFO 2025-04-24 06:38:52,797 basehttp "OPTIONS /api/philosophers/ HTTP/1.1" 200 0
INFO 2025-04-24 06:39:21,676 autoreload /Users/dhairyabhatt/code_dir/philosophy_ai-main/philosophy_api/auth_views.py changed, reloading.
INFO 2025-04-24 06:39:22,358 autoreload Watching for file changes with StatReloader
INFO 2025-04-24 07:22:28,321 autoreload Watching for file changes with StatReloader
INFO 2025-04-24 07:24:36,639 autoreload Watching for file changes with StatReloader
WARNING 2025-04-24 07:24:39,873 log Not Found: /
WARNING 2025-04-24 07:24:39,873 basehttp "GET / HTTP/1.1" 404 2175
INFO 2025-04-24 07:24:45,252 basehttp "OPTIONS /api/philosophers/ HTTP/1.1" 200 0
INFO 2025-04-24 07:24:59,546 basehttp "OPTIONS /api/auth/register/ HTTP/1.1" 200 0
INFO 2025-04-24 07:25:05,622 basehttp "OPTIONS /api/auth/register/ HTTP/1.1" 200 0
INFO 2025-04-24 07:25:05,805 basehttp "OPTIONS /api/auth/register/ HTTP/1.1" 200 0
INFO 2025-04-24 07:25:05,978 basehttp "OPTIONS /api/auth/register/ HTTP/1.1" 200 0
INFO 2025-04-24 07:25:06,142 basehttp "OPTIONS /api/auth/register/ HTTP/1.1" 200 0
INFO 2025-04-24 07:25:06,307 basehttp "OPTIONS /api/auth/register/ HTTP/1.1" 200 0
INFO 2025-04-24 07:25:06,455 basehttp "OPTIONS /api/auth/register/ HTTP/1.1" 200 0
INFO 2025-04-24 07:31:23,253 autoreload /Users/dhairyabhatt/code_dir/philosophy_ai-main/philosophy_api/auth_views.py changed, reloading.
INFO 2025-04-24 07:31:23,591 autoreload Watching for file changes with StatReloader
INFO 2025-04-24 07:31:44,325 autoreload /Users/dhairyabhatt/code_dir/philosophy_ai-main/philosophy_api/auth_views.py changed, reloading.
INFO 2025-04-24 07:31:44,517 autoreload Watching for file changes with StatReloader
INFO 2025-04-24 07:33:08,509 autoreload /Users/dhairyabhatt/code_dir/philosophy_ai-main/philosophy_api/auth_views.py changed, reloading.
INFO 2025-04-24 07:33:08,702 autoreload Watching for file changes with StatReloader
INFO 2025-04-24 07:34:08,132 autoreload Watching for file changes with StatReloader
INFO 2025-04-24 07:34:08,851 basehttp "GET /api/ping/ HTTP/1.1" 200 15
INFO 2025-04-24 15:09:13,500 autoreload Watching for file changes with StatReloader
WARNING 2025-04-24 15:09:22,027 log Not Found: /
WARNING 2025-04-24 15:09:22,028 basehttp "GET / HTTP/1.1" 404 2175
WARNING 2025-04-24 15:09:22,062 log Not Found: /favicon.ico
WARNING 2025-04-24 15:09:22,063 basehttp "GET /favicon.ico HTTP/1.1" 404 2226
INFO 2025-04-24 15:35:06,658 basehttp "OPTIONS /api/philosophers/ HTTP/1.1" 200 0
INFO 2025-04-24 15:36:04,949 basehttp "OPTIONS /api/auth/register/ HTTP/1.1" 200 0
WARNING 2025-04-24 15:37:07,586 log Not Found: /
WARNING 2025-04-24 15:37:07,586 basehttp "GET / HTTP/1.1" 404 2175
WARNING 2025-04-24 15:37:09,938 log Not Found: /
WARNING 2025-04-24 15:37:09,939 basehttp "GET / HTTP/1.1" 404 2175
WARNING 2025-04-24 15:37:10,384 log Not Found: /
WARNING 2025-04-24 15:37:10,384 basehttp "GET / HTTP/1.1" 404 2175
WARNING 2025-04-24 15:37:10,573 log Not Found: /
WARNING 2025-04-24 15:37:10,574 basehttp "GET / HTTP/1.1" 404 2175
INFO 2025-04-24 15:37:19,477 basehttp "OPTIONS /api/auth/register/ HTTP/1.1" 200 0
INFO 2025-04-24 15:37:20,100 basehttp "OPTIONS /api/auth/register/ HTTP/1.1" 200 0
INFO 2025-04-24 15:37:20,266 basehttp "OPTIONS /api/auth/register/ HTTP/1.1" 200 0
INFO 2025-04-24 15:40:58,782 basehttp "OPTIONS /api/philosophers/ HTTP/1.1" 200 0
INFO 2025-04-24 15:41:00,790 basehttp "OPTIONS /api/philosophers/ HTTP/1.1" 200 0
INFO 2025-04-24 15:41:04,796 basehttp "OPTIONS /api/philosophers/ HTTP/1.1" 200 0
INFO 2025-04-24 15:41:43,422 basehttp "OPTIONS /api/auth/login/ HTTP/1.1" 200 0
INFO 2025-04-24 15:42:41,625 basehttp "OPTIONS /api/auth/register/ HTTP/1.1" 200 0
INFO 2025-04-24 15:42:42,573 basehttp "OPTIONS /api/auth/register/ HTTP/1.1" 200 0
INFO 2025-04-24 15:42:42,723 basehttp "OPTIONS /api/auth/register/ HTTP/1.1" 200 0
INFO 2025-04-24 15:42:42,894 basehttp "OPTIONS /api/auth/register/ HTTP/1.1" 200 0
INFO 2025-04-24 15:42:43,321 basehttp "OPTIONS /api/auth/register/ HTTP/1.1" 200 0
INFO 2025-04-24 15:47:57,271 basehttp "OPTIONS /api/philosophers/ HTTP/1.1" 200 0
INFO 2025-04-24 15:47:59,279 basehttp "OPTIONS /api/philosophers/ HTTP/1.1" 200 0
INFO 2025-04-24 15:48:03,285 basehttp "OPTIONS /api/philosophers/ HTTP/1.1" 200 0
INFO 2025-04-24 15:48:52,341 basehttp "OPTIONS /api/auth/register/ HTTP/1.1" 200 0
INFO 2025-04-24 15:48:55,440 basehttp "OPTIONS /api/philosophers/ HTTP/1.1" 200 0
INFO 2025-04-24 15:48:55,441 basehttp "OPTIONS /api/philosophers/ HTTP/1.1" 200 0
INFO 2025-04-24 15:48:59,654 basehttp "OPTIONS /api/philosophers/ HTTP/1.1" 200 0
INFO 2025-04-24 15:48:59,654 basehttp "OPTIONS /api/philosophers/ HTTP/1.1" 200 0
